Determining if the pthread_create exist failed with the following output:
Change Dir: /home/major/dlib-19.2/tools/python/build/CMakeFiles/CMakeTmp

Run Build Command:"/usr/bin/make" "cmTC_0b267/fast"
/usr/bin/make -f CMakeFiles/cmTC_0b267.dir/build.make CMakeFiles/cmTC_0b267.dir/build
make[1]: Entering directory '/home/major/dlib-19.2/tools/python/build/CMakeFiles/CMakeTmp'
Building C object CMakeFiles/cmTC_0b267.dir/CheckSymbolExists.c.o
/usr/bin/cc     -o CMakeFiles/cmTC_0b267.dir/CheckSymbolExists.c.o   -c /home/major/dlib-19.2/tools/python/build/CMakeFiles/CMakeTmp/CheckSymbolExists.c
Linking C executable cmTC_0b267
/usr/bin/cmake -E cmake_link_script CMakeFiles/cmTC_0b267.dir/link.txt --verbose=1
/usr/bin/cc       CMakeFiles/cmTC_0b267.dir/CheckSymbolExists.c.o  -o cmTC_0b267 -rdynamic 
CMakeFiles/cmTC_0b267.dir/CheckSymbolExists.c.o: In function `main':
CheckSymbolExists.c:(.text+0x16): undefined reference to `pthread_create'
collect2: error: ld returned 1 exit status
CMakeFiles/cmTC_0b267.dir/build.make:97: recipe for target 'cmTC_0b267' failed
make[1]: *** [cmTC_0b267] Error 1
make[1]: Leaving directory '/home/major/dlib-19.2/tools/python/build/CMakeFiles/CMakeTmp'
Makefile:126: recipe for target 'cmTC_0b267/fast' failed
make: *** [cmTC_0b267/fast] Error 2

File /home/major/dlib-19.2/tools/python/build/CMakeFiles/CMakeTmp/CheckSymbolExists.c:
/* */
#include <pthread.h>

int main(int argc, char** argv)
{
  (void)argv;
#ifndef pthread_create
  return ((int*)(&pthread_create))[argc];
#else
  (void)argc;
  return 0;
#endif
}

Determining if the function pthread_create exists in the pthreads failed with the following output:
Change Dir: /home/major/dlib-19.2/tools/python/build/CMakeFiles/CMakeTmp

Run Build Command:"/usr/bin/make" "cmTC_d0f5c/fast"
/usr/bin/make -f CMakeFiles/cmTC_d0f5c.dir/build.make CMakeFiles/cmTC_d0f5c.dir/build
make[1]: Entering directory '/home/major/dlib-19.2/tools/python/build/CMakeFiles/CMakeTmp'
Building C object CMakeFiles/cmTC_d0f5c.dir/CheckFunctionExists.c.o
/usr/bin/cc    -DCHECK_FUNCTION_EXISTS=pthread_create   -o CMakeFiles/cmTC_d0f5c.dir/CheckFunctionExists.c.o   -c /usr/share/cmake-3.5/Modules/CheckFunctionExists.c
Linking C executable cmTC_d0f5c
/usr/bin/cmake -E cmake_link_script CMakeFiles/cmTC_d0f5c.dir/link.txt --verbose=1
/usr/bin/cc   -DCHECK_FUNCTION_EXISTS=pthread_create    CMakeFiles/cmTC_d0f5c.dir/CheckFunctionExists.c.o  -o cmTC_d0f5c -rdynamic -lpthreads 
/usr/bin/ld: cannot find -lpthreads
collect2: error: ld returned 1 exit status
CMakeFiles/cmTC_d0f5c.dir/build.make:97: recipe for target 'cmTC_d0f5c' failed
make[1]: *** [cmTC_d0f5c] Error 1
make[1]: Leaving directory '/home/major/dlib-19.2/tools/python/build/CMakeFiles/CMakeTmp'
Makefile:126: recipe for target 'cmTC_d0f5c/fast' failed
make: *** [cmTC_d0f5c/fast] Error 2


